Release 14.7 - xst P.20131013 (nt64)
Copyright (c) 1995-2013 Xilinx, Inc.  All rights reserved.
--> Parameter TMPDIR set to xst/projnav.tmp


Total REAL time to Xst completion: 1.00 secs
Total CPU time to Xst completion: 0.09 secs
 
--> Parameter xsthdpdir set to xst


Total REAL time to Xst completion: 1.00 secs
Total CPU time to Xst completion: 0.09 secs
 
--> Reading design: CLLAAdderM.prj

TABLE OF CONTENTS
  1) Synthesis Options Summary
  2) HDL Parsing
  3) HDL Elaboration
  4) HDL Synthesis
       4.1) HDL Synthesis Report
  5) Advanced HDL Synthesis
       5.1) Advanced HDL Synthesis Report
  6) Low Level Synthesis
  7) Partition Report
  8) Design Summary
       8.1) Primitive and Black Box Usage
       8.2) Device utilization summary
       8.3) Partition Resource Summary
       8.4) Timing Report
            8.4.1) Clock Information
            8.4.2) Asynchronous Control Signals Information
            8.4.3) Timing Summary
            8.4.4) Timing Details
            8.4.5) Cross Clock Domains Report


=========================================================================
*                      Synthesis Options Summary                        *
=========================================================================
---- Source Parameters
Input File Name                    : "CLLAAdderM.prj"
Ignore Synthesis Constraint File   : NO

---- Target Parameters
Output File Name                   : "CLLAAdderM"
Output Format                      : NGC
Target Device                      : xc6slx16-3-csg324

---- Source Options
Top Module Name                    : CLLAAdderM
Automatic FSM Extraction           : YES
FSM Encoding Algorithm             : Auto
Safe Implementation                : No
FSM Style                          : LUT
RAM Extraction                     : Yes
RAM Style                          : Auto
ROM Extraction                     : Yes
Shift Register Extraction          : YES
ROM Style                          : Auto
Resource Sharing                   : YES
Asynchronous To Synchronous        : NO
Shift Register Minimum Size        : 2
Use DSP Block                      : Auto
Automatic Register Balancing       : No

---- Target Options
LUT Combining                      : Auto
Reduce Control Sets                : Auto
Add IO Buffers                     : YES
Global Maximum Fanout              : 100000
Add Generic Clock Buffer(BUFG)     : 16
Register Duplication               : YES
Optimize Instantiated Primitives   : NO
Use Clock Enable                   : Auto
Use Synchronous Set                : Auto
Use Synchronous Reset              : Auto
Pack IO Registers into IOBs        : Auto
Equivalent register Removal        : YES

---- General Options
Optimization Goal                  : Speed
Optimization Effort                : 1
Power Reduction                    : NO
Keep Hierarchy                     : No
Netlist Hierarchy                  : As_Optimized
RTL Output                         : Yes
Global Optimization                : AllClockNets
Read Cores                         : YES
Write Timing Constraints           : NO
Cross Clock Analysis               : NO
Hierarchy Separator                : /
Bus Delimiter                      : <>
Case Specifier                     : Maintain
Slice Utilization Ratio            : 100
BRAM Utilization Ratio             : 100
DSP48 Utilization Ratio            : 100
Auto BRAM Packing                  : NO
Slice Utilization Ratio Delta      : 5

=========================================================================


=========================================================================
*                          HDL Parsing                                  *
=========================================================================
Analyzing Verilog file "D:\COAexp-master\COAexp-master\Exp1_FullAdderM\fulladderM.v" into library work
Parsing module <fulladderM>.
WARNING:HDLCompiler:751 - "D:\COAexp-master\COAexp-master\Exp1_FullAdderM\fulladderM.v" Line 28: Redeclaration of ansi port Cin is not allowed
Analyzing Verilog file "D:\COAexp-master\COAexp-master\Exp2_CLAAdderM\CLLAAdderM.v" into library work
Parsing module <CLLAAdderM>.

=========================================================================
*                            HDL Elaboration                            *
=========================================================================

Elaborating module <CLLAAdderM>.

Elaborating module <fulladderM>.
WARNING:HDLCompiler:1127 - "D:\COAexp-master\COAexp-master\Exp2_CLAAdderM\CLLAAdderM.v" Line 32: Assignment to Cin ignored, since the identifier is never used
WARNING:HDLCompiler:634 - "D:\COAexp-master\COAexp-master\Exp2_CLAAdderM\CLLAAdderM.v" Line 31: Net <C[2]> does not have a driver.
WARNING:Xst:2972 - "D:\COAexp-master\COAexp-master\Exp2_CLAAdderM\CLLAAdderM.v" line 32. All outputs of instance <FA0> of block <fulladderM> are unconnected in block <CLLAAdderM>. Underlying logic will be removed.
WARNING:Xst:2972 - "D:\COAexp-master\COAexp-master\Exp2_CLAAdderM\CLLAAdderM.v" line 33. All outputs of instance <FA1> of block <fulladderM> are unconnected in block <CLLAAdderM>. Underlying logic will be removed.

=========================================================================
*                           HDL Synthesis                               *
=========================================================================

Synthesizing Unit <CLLAAdderM>.
    Related source file is "D:\COAexp-master\COAexp-master\Exp2_CLAAdderM\CLLAAdderM.v".
WARNING:Xst:647 - Input <Cin> is never used. This port will be preserved and left unconnected if it belongs to a top-level block or it belongs to a sub-block and the hierarchy of this sub-block is preserved.
INFO:Xst:3210 - "D:\COAexp-master\COAexp-master\Exp2_CLAAdderM\CLLAAdderM.v" line 32: Output port <F> of the instance <FA0> is unconnected or connected to loadless signal.
INFO:Xst:3210 - "D:\COAexp-master\COAexp-master\Exp2_CLAAdderM\CLLAAdderM.v" line 32: Output port <Cout> of the instance <FA0> is unconnected or connected to loadless signal.
INFO:Xst:3210 - "D:\COAexp-master\COAexp-master\Exp2_CLAAdderM\CLLAAdderM.v" line 33: Output port <F> of the instance <FA1> is unconnected or connected to loadless signal.
WARNING:Xst:653 - Signal <F<1:0>> is used but never assigned. This sourceless signal will be automatically connected to value GND.
WARNING:Xst:653 - Signal <C<2>> is used but never assigned. This sourceless signal will be automatically connected to value GND.
    Summary:
	no macro.
Unit <CLLAAdderM> synthesized.

Synthesizing Unit <fulladderM>.
    Related source file is "D:\COAexp-master\COAexp-master\Exp1_FullAdderM\fulladderM.v".
    Summary:
Unit <fulladderM> synthesized.

=========================================================================
HDL Synthesis Report

Macro Statistics
# Xors                                                 : 4
 1-bit xor2                                            : 4

=========================================================================

=========================================================================
*                       Advanced HDL Synthesis                          *
=========================================================================


=========================================================================
Advanced HDL Synthesis Report

Macro Statistics
# Xors                                                 : 4
 1-bit xor2                                            : 4

=========================================================================

=========================================================================
*                         Low Level Synthesis                           *
=========================================================================

Optimizing unit <CLLAAdderM> ...

Mapping all equations...
Building and optimizing final netlist ...
Found area constraint ratio of 100 (+ 5) on block CLLAAdderM, actual ratio is 0.

Final Macro Processing ...

=========================================================================
Final Register Report

Found no macro
=========================================================================

=========================================================================
*                           Partition Report                            *
=========================================================================

Partition Implementation Status
-------------------------------

  No Partitions were found in this design.

-------------------------------

=========================================================================
*                            Design Summary                             *
=========================================================================

Top Level Output File Name         : CLLAAdderM.ngc

Primitive and Black Box Usage:
------------------------------
# BELS                             : 4
#      GND                         : 1
#      LUT2                        : 1
#      LUT4                        : 2
# IO Buffers                       : 9
#      IBUF                        : 4
#      OBUF                        : 5

Device utilization summary:
---------------------------

Selected Device : 6slx16csg324-3 


Slice Logic Utilization: 
 Number of Slice LUTs:                    3  out of   9112     0%  
    Number used as Logic:                 3  out of   9112     0%  

Slice Logic Distribution: 
 Number of LUT Flip Flop pairs used:      3
   Number with an unused Flip Flop:       3  out of      3   100%  
   Number with an unused LUT:             0  out of      3     0%  
   Number of fully used LUT-FF pairs:     0  out of      3     0%  
   Number of unique control sets:         0

IO Utilization: 
 Number of IOs:                          14
 Number of bonded IOBs:                   9  out of    232     3%  

Specific Feature Utilization:

---------------------------
Partition Resource Summary:
---------------------------

  No Partitions were found in this design.

---------------------------


=========================================================================
Timing Report

NOTE: THESE TIMING NUMBERS ARE ONLY A SYNTHESIS ESTIMATE.
      FOR ACCURATE TIMING INFORMATION PLEASE REFER TO THE TRACE REPORT
      GENERATED AFTER PLACE-and-ROUTE.

Clock Information:
------------------
No clock signals found in this design

Asynchronous Control Signals Information:
----------------------------------------
No asynchronous control signals found in this design

Timing Summary:
---------------
Speed Grade: -3

   Minimum period: No path found
   Minimum input arrival time before clock: No path found
   Maximum output required time after clock: No path found
   Maximum combinational path delay: 5.456ns

Timing Details:
---------------
All values displayed in nanoseconds (ns)

=========================================================================
Timing constraint: Default path analysis
  Total number of paths / destination ports: 10 / 3
-------------------------------------------------------------------------
Delay:               5.456ns (Levels of Logic = 3)
  Source:            A<2> (PAD)
  Destination:       Cout (PAD)

  Data Path: A<2> to Cout
                                Gate     Net
    Cell:in->out      fanout   Delay   Delay  Logical Name (Net Name)
    ----------------------------------------  ------------
     IBUF:I->O             3   1.222   0.879  A_2_IBUF (A_2_IBUF)
     LUT4:I1->O            1   0.205   0.579  Cout1 (Cout_OBUF)
     OBUF:I->O                 2.571          Cout_OBUF (Cout)
    ----------------------------------------
    Total                      5.456ns (3.998ns logic, 1.458ns route)
                                       (73.3% logic, 26.7% route)

=========================================================================

Cross Clock Domains Report:
--------------------------

=========================================================================


Total REAL time to Xst completion: 5.00 secs
Total CPU time to Xst completion: 4.14 secs
 
--> 

Total memory usage is 260288 kilobytes

Number of errors   :    0 (   0 filtered)
Number of warnings :    8 (   0 filtered)
Number of infos    :    3 (   0 filtered)

